  Map.cpp
C:\Users\stach\Desktop\studia\Semestr 3\OK\laby\Project_OK\Project_OK\Project_OK\Map.cpp(25,12): warning C4244: "argument": konwersja z "time_t" do "unsigned int", możliwa utrata danych
C:\Users\stach\Desktop\studia\Semestr 3\OK\laby\Project_OK\Project_OK\Project_OK\Map.cpp(46,20): warning C4018: "<": niezgodność typu ze znakiem/bez znaku
C:\Users\stach\Desktop\studia\Semestr 3\OK\laby\Project_OK\Project_OK\Project_OK\Map.cpp(59,20): warning C4018: "<": niezgodność typu ze znakiem/bez znaku
C:\Users\stach\Desktop\studia\Semestr 3\OK\laby\Project_OK\Project_OK\Project_OK\Map.cpp(87,20): warning C4018: "<": niezgodność typu ze znakiem/bez znaku
C:\Users\stach\Desktop\studia\Semestr 3\OK\laby\Project_OK\Project_OK\Project_OK\Map.cpp(89,40): warning C4390: ";": znaleziono kontrolowaną pustą instrukcję; czy to było zamierzone?
C:\Users\stach\Desktop\studia\Semestr 3\OK\laby\Project_OK\Project_OK\Project_OK\Map.cpp(103,20): warning C4018: "<": niezgodność typu ze znakiem/bez znaku
C:\Users\stach\Desktop\studia\Semestr 3\OK\laby\Project_OK\Project_OK\Project_OK\Map.cpp(138,21): warning C4018: "<": niezgodność typu ze znakiem/bez znaku
C:\Users\stach\Desktop\studia\Semestr 3\OK\laby\Project_OK\Project_OK\Project_OK\Map.cpp(207,21): warning C4018: "<": niezgodność typu ze znakiem/bez znaku
C:\Users\stach\Desktop\studia\Semestr 3\OK\laby\Project_OK\Project_OK\Project_OK\Map.cpp(276,20): warning C4018: "<": niezgodność typu ze znakiem/bez znaku
C:\Users\stach\Desktop\studia\Semestr 3\OK\laby\Project_OK\Project_OK\Project_OK\Map.cpp(284,20): warning C4018: "<": niezgodność typu ze znakiem/bez znaku
C:\Users\stach\Desktop\studia\Semestr 3\OK\laby\Project_OK\Project_OK\Project_OK\Map.cpp(298,20): warning C4018: "<": niezgodność typu ze znakiem/bez znaku
C:\Users\stach\Desktop\studia\Semestr 3\OK\laby\Project_OK\Project_OK\Project_OK\Map.cpp(325,21): warning C4018: "<": niezgodność typu ze znakiem/bez znaku
C:\Users\stach\Desktop\studia\Semestr 3\OK\laby\Project_OK\Project_OK\Project_OK\Map.cpp(340,22): warning C4018: "<": niezgodność typu ze znakiem/bez znaku
C:\Users\stach\Desktop\studia\Semestr 3\OK\laby\Project_OK\Project_OK\Project_OK\Map.cpp(351,23): warning C4018: "<": niezgodność typu ze znakiem/bez znaku
C:\Users\stach\Desktop\studia\Semestr 3\OK\laby\Project_OK\Project_OK\Project_OK\Map.cpp(353,24): warning C4018: "<": niezgodność typu ze znakiem/bez znaku
C:\Users\stach\Desktop\studia\Semestr 3\OK\laby\Project_OK\Project_OK\Project_OK\Map.cpp(359,23): warning C4018: "<": niezgodność typu ze znakiem/bez znaku
C:\Users\stach\Desktop\studia\Semestr 3\OK\laby\Project_OK\Project_OK\Project_OK\Map.cpp(316,15): warning C4101: "dodaj_y": lokalna zmienna, do której nie istnieje odwołanie
C:\Users\stach\Desktop\studia\Semestr 3\OK\laby\Project_OK\Project_OK\Project_OK\Map.cpp(316,6): warning C4101: "dodaj_x": lokalna zmienna, do której nie istnieje odwołanie
C:\Users\stach\Desktop\studia\Semestr 3\OK\laby\Project_OK\Project_OK\Project_OK\Map.cpp(380,20): warning C4018: "<": niezgodność typu ze znakiem/bez znaku
  Project_OK.cpp
C:\Users\stach\Desktop\studia\Semestr 3\OK\laby\Project_OK\Project_OK\Project_OK\Project_OK.cpp(92,15): warning C4244: "argument": konwersja z "time_t" do "unsigned int", możliwa utrata danych
  Generowanie kodu...
C:\Users\stach\Desktop\studia\Semestr 3\OK\laby\Project_OK\Project_OK\Project_OK\Map.cpp(306): warning C4715: "Map::Next_Vertex”: niewszystkie ścieżki kodu zwracają wartość
  Project_OK.vcxproj -> C:\Users\stach\Desktop\studia\Semestr 3\OK\laby\Project_OK\Project_OK\Debug\Project_OK.exe
